<?xml version="1.0" encoding="UTF-8"?>
<testng-results skipped="0" failed="0" ignored="0" total="1" passed="1">
  <reporter-output>
  </reporter-output>
  <suite name="Suite" duration-ms="10025" started-at="2020-07-04T17:44:16 CEST" finished-at="2020-07-04T17:44:26 CEST">
    <groups>
    </groups>
    <test name="Test" duration-ms="10025" started-at="2020-07-04T17:44:16 CEST" finished-at="2020-07-04T17:44:26 CEST">
      <class name="login.LoginTest">
        <test-method status="PASS" signature="setUp()[pri:0, instance:login.LoginTest@a7e666]" name="setUp" is-config="true" duration-ms="7366" started-at="2020-07-04T17:44:16 CEST" finished-at="2020-07-04T17:44:24 CEST">
          <reporter-output>
          </reporter-output>
        </test-method> <!-- setUp -->
        <test-method status="PASS" signature="loginNormalUserAndLogOut()[pri:0, instance:login.LoginTest@a7e666]" name="loginNormalUserAndLogOut" duration-ms="1811" started-at="2020-07-04T17:44:24 CEST" finished-at="2020-07-04T17:44:26 CEST">
          <reporter-output>
          </reporter-output>
        </test-method> <!-- loginNormalUserAndLogOut -->
        <test-method status="PASS" signature="TearDown()[pri:0, instance:login.LoginTest@a7e666]" name="TearDown" is-config="true" duration-ms="781" started-at="2020-07-04T17:44:26 CEST" finished-at="2020-07-04T17:44:26 CEST">
          <reporter-output>
          </reporter-output>
        </test-method> <!-- TearDown -->
      </class> <!-- login.LoginTest -->
    </test> <!-- Test -->
  </suite> <!-- Suite -->
</testng-results>
